[2023-06-20 09:03:04] Master process started
[2023-06-20 09:03:04] Processes started
[2023-06-20 09:03:29] Master process started
[2023-06-20 09:03:29] Processes started
[2023-06-20 09:04:15] Master process started
[2023-06-20 09:04:15] Processes started
[2023-06-20 09:13:08] Master process started
[2023-06-20 09:13:08] Processes started
[2023-06-20 09:14:02] Master process started
[2023-06-20 09:14:02] Processes started
[2023-06-20 09:49:38] Master process started
[2023-06-20 09:49:38] Processes started
[2023-06-20 10:02:02] ---- Master Process Started---- 

[2023-06-20 10:06:15] ---- Master Process Started---- 

[2023-06-20 10:06:59] Master process terminated
[2023-06-20 10:09:28] ---- Master Process Started---- 

[2023-06-20 10:10:12] Master process terminated
[2023-06-20 10:11:32] ---- Master Process Started---- 

[2023-06-20 10:14:39] 
---- Master Process Started---- 
[2023-06-20 10:17:29] ---- Master Process Started---- 
[2023-06-20 10:33:14] ---- Master Process Started---- 
[2023-06-20 10:33:22] ---- Master Process Started---- 
[2023-06-20 10:44:19] ---- Master Process Started---- 
[2023-06-20 10:46:12] ---- Master Process Started---- 
[2023-06-20 10:47:41] ---- Master Process Started---- 
[2023-06-20 10:48:59] ---- Master Process Started---- 
[2023-06-20 10:57:13] ---- Master Process Started---- 
[2023-06-20 10:58:43] ---- Master Process Started---- 
[2023-06-20 10:59:27] ---- Master process terminated---- 
[2023-06-20 11:01:14] ---- Master Process Started---- 
[2023-06-20 11:01:58] ---- Master process terminated---- 
[2023-06-20 11:27:06] ---- Master Process Started---- 
[2023-06-20 23:18:08] ---- Master Process Started---- 
[2023-06-20 23:19:34] ---- Master process terminated---- 
[2023-06-20 23:22:38] ---- Master Process Started---- 
[2023-06-20 23:23:56] ---- Master process terminated---- 
[2023-06-20 23:45:51] ---- Master Process Started---- 
[2023-06-20 23:46:39] ---- Master Process Started---- 
[2023-06-20 23:50:01] ---- Master Process Started---- 
[2023-06-20 23:51:27] ---- Master process terminated---- 
